{"C:\\Users\\Ueslei\\Documents\\LP2\\Avaliação\\src\\daos\\VegetablesCsvDAO.ts": {"path":"C:\\Users\\Ueslei\\Documents\\LP2\\Avaliação\\src\\daos\\VegetablesCsvDAO.ts","statementMap":{"0":{"start":{"line":2,"column":0},"end":{"line":2,"column":48}},"1":{"start":{"line":6,"column":4},"end":{"line":6,"column":28}},"2":{"start":{"line":8,"column":16},"end":{"line":8,"column":63}},"3":{"start":{"line":10,"column":4},"end":{"line":29,"column":null}},"4":{"start":{"line":10,"column":17},"end":{"line":10,"column":18}},"5":{"start":{"line":11,"column":34},"end":{"line":16,"column":8}},"6":{"start":{"line":17,"column":25},"end":{"line":17,"column":42}},"7":{"start":{"line":18,"column":6},"end":{"line":28,"column":null}},"8":{"start":{"line":18,"column":19},"end":{"line":18,"column":20}},"9":{"start":{"line":19,"column":21},"end":{"line":19,"column":45}},"10":{"start":{"line":20,"column":8},"end":{"line":27,"column":null}},"11":{"start":{"line":21,"column":10},"end":{"line":21,"column":41}},"12":{"start":{"line":22,"column":10},"end":{"line":22,"column":35}},"13":{"start":{"line":23,"column":10},"end":{"line":23,"column":39}},"14":{"start":{"line":25,"column":10},"end":{"line":25,"column":46}},"15":{"start":{"line":26,"column":10},"end":{"line":26,"column":43}},"16":{"start":{"line":4,"column":0},"end":{"line":4,"column":13}}},"fnMap":{"0":{"name":"(anonymous_0)","decl":{"start":{"line":5,"column":2},"end":{"line":5,"column":null}},"loc":{"start":{"line":5,"column":2},"end":{"line":30,"column":3}}}},"branchMap":{"0":{"loc":{"start":{"line":20,"column":8},"end":{"line":27,"column":null}},"type":"if","locations":[{"start":{"line":20,"column":8},"end":{"line":27,"column":null}},{"start":{"line":24,"column":15},"end":{"line":27,"column":null}}]}},"s":{"0":1,"1":1,"2":1,"3":1,"4":1,"5":22,"6":22,"7":22,"8":22,"9":44,"10":44,"11":22,"12":22,"13":22,"14":22,"15":22,"16":1},"f":{"0":1},"b":{"0":[22,22]}}
,"C:\\Users\\Ueslei\\Documents\\LP2\\Avaliação\\src\\daos\\VegetablesDAO.ts": {"path":"C:\\Users\\Ueslei\\Documents\\LP2\\Avaliação\\src\\daos\\VegetablesDAO.ts","statementMap":{"0":{"start":{"line":1,"column":0},"end":{"line":1,"column":28}},"1":{"start":{"line":3,"column":0},"end":{"line":3,"column":34}},"2":{"start":{"line":10,"column":21},"end":{"line":10,"column":60}},"3":{"start":{"line":11,"column":4},"end":{"line":11,"column":58}},"4":{"start":{"line":12,"column":4},"end":{"line":12,"column":26}},"5":{"start":{"line":16,"column":19},"end":{"line":16,"column":64}},"6":{"start":{"line":16,"column":48},"end":{"line":16,"column":63}},"7":{"start":{"line":17,"column":4},"end":{"line":17,"column":18}},"8":{"start":{"line":21,"column":19},"end":{"line":22,"column":null}},"9":{"start":{"line":22,"column":13},"end":{"line":22,"column":65}},"10":{"start":{"line":24,"column":4},"end":{"line":24,"column":18}},"11":{"start":{"line":28,"column":19},"end":{"line":31,"column":null}},"12":{"start":{"line":29,"column":6},"end":{"line":31,"column":64}},"13":{"start":{"line":31,"column":21},"end":{"line":31,"column":63}},"14":{"start":{"line":33,"column":4},"end":{"line":33,"column":18}},"15":{"start":{"line":5,"column":0},"end":{"line":5,"column":13}}},"fnMap":{"0":{"name":"(anonymous_0)","decl":{"start":{"line":9,"column":2},"end":{"line":9,"column":14}},"loc":{"start":{"line":9,"column":30},"end":{"line":13,"column":3}}},"1":{"name":"(anonymous_1)","decl":{"start":{"line":15,"column":2},"end":{"line":15,"column":19}},"loc":{"start":{"line":15,"column":34},"end":{"line":18,"column":3}}},"2":{"name":"(anonymous_2)","decl":{"start":{"line":16,"column":41},"end":{"line":16,"column":42}},"loc":{"start":{"line":16,"column":48},"end":{"line":16,"column":63}}},"3":{"name":"(anonymous_3)","decl":{"start":{"line":20,"column":2},"end":{"line":20,"column":21}},"loc":{"start":{"line":20,"column":43},"end":{"line":25,"column":3}}},"4":{"name":"(anonymous_4)","decl":{"start":{"line":22,"column":6},"end":{"line":22,"column":7}},"loc":{"start":{"line":22,"column":13},"end":{"line":22,"column":65}}},"5":{"name":"(anonymous_5)","decl":{"start":{"line":27,"column":2},"end":{"line":27,"column":25}},"loc":{"start":{"line":27,"column":42},"end":{"line":34,"column":3}}},"6":{"name":"(anonymous_6)","decl":{"start":{"line":28,"column":41},"end":{"line":28,"column":42}},"loc":{"start":{"line":29,"column":6},"end":{"line":31,"column":64}}},"7":{"name":"(anonymous_7)","decl":{"start":{"line":31,"column":14},"end":{"line":31,"column":15}},"loc":{"start":{"line":31,"column":21},"end":{"line":31,"column":63}}}},"branchMap":{},"s":{"0":2,"1":2,"2":2,"3":2,"4":2,"5":2,"6":2,"7":2,"8":2,"9":32,"10":2,"11":2,"12":9,"13":38,"14":2,"15":2},"f":{"0":2,"1":2,"2":2,"3":2,"4":32,"5":2,"6":9,"7":38},"b":{}}
,"C:\\Users\\Ueslei\\Documents\\LP2\\Avaliação\\src\\daos\\VegetablesJsonDAO.ts": {"path":"C:\\Users\\Ueslei\\Documents\\LP2\\Avaliação\\src\\daos\\VegetablesJsonDAO.ts","statementMap":{"0":{"start":{"line":2,"column":0},"end":{"line":2,"column":48}},"1":{"start":{"line":6,"column":4},"end":{"line":6,"column":29}},"2":{"start":{"line":7,"column":30},"end":{"line":7,"column":61}},"3":{"start":{"line":8,"column":4},"end":{"line":8,"column":27}},"4":{"start":{"line":4,"column":0},"end":{"line":4,"column":13}}},"fnMap":{"0":{"name":"(anonymous_0)","decl":{"start":{"line":5,"column":2},"end":{"line":5,"column":null}},"loc":{"start":{"line":5,"column":2},"end":{"line":9,"column":3}}}},"branchMap":{},"s":{"0":1,"1":1,"2":1,"3":1,"4":1},"f":{"0":1},"b":{}}
}
